2016-03-13 09:51:02	URL:/	View不存在
/home/cowboy/project/go/src/github.com/qqcowboy/dunhuaparts.com/System/Log/Logger.go:158 (0x50c274)
	(*Logger).AddErrMsg: content = content + "\r\n" + string(debug.Stack())
/home/cowboy/project/go/src/github.com/qqcowboy/dunhuaparts.com/System/Web/HttpHandler.go:24 (0x46770b)
	func.004: App.Log.AddErrMsg("URL:" + r.URL.String() + "\t" + fmt.Sprintf("%v", err))
/usr/local/go/src/runtime/asm_amd64.s:401 (0x425c95)
	call16: CALLFN(·call16, 16)
/usr/local/go/src/runtime/panic.go:387 (0x413008)
	gopanic: reflectcall(unsafe.Pointer(d.fn), deferArgs(d), uint32(d.siz), uint32(d.siz))
/home/cowboy/project/go/src/github.com/qqcowboy/dunhuaparts.com/System/Web/HttpHandler.go:117 (0x463788)
	(*HttpHandler).ServeHTTP: panic(err)
/usr/local/go/src/net/http/server.go:1703 (0x4d80ea)
	serverHandler.ServeHTTP: handler.ServeHTTP(rw, req)
/usr/local/go/src/net/http/server.go:1204 (0x4d5bb7)
	(*conn).serve: serverHandler{c.server}.ServeHTTP(w, w.req)
/usr/local/go/src/runtime/asm_amd64.s:2232 (0x427db1)
	goexit: 

2016-03-13 09:51:20	URL:/home/index	View不存在
/home/cowboy/project/go/src/github.com/qqcowboy/dunhuaparts.com/System/Log/Logger.go:158 (0x50c274)
	(*Logger).AddErrMsg: content = content + "\r\n" + string(debug.Stack())
/home/cowboy/project/go/src/github.com/qqcowboy/dunhuaparts.com/System/Web/HttpHandler.go:24 (0x46770b)
	func.004: App.Log.AddErrMsg("URL:" + r.URL.String() + "\t" + fmt.Sprintf("%v", err))
/usr/local/go/src/runtime/asm_amd64.s:401 (0x425c95)
	call16: CALLFN(·call16, 16)
/usr/local/go/src/runtime/panic.go:387 (0x413008)
	gopanic: reflectcall(unsafe.Pointer(d.fn), deferArgs(d), uint32(d.siz), uint32(d.siz))
/home/cowboy/project/go/src/github.com/qqcowboy/dunhuaparts.com/System/Web/HttpHandler.go:117 (0x463788)
	(*HttpHandler).ServeHTTP: panic(err)
/usr/local/go/src/net/http/server.go:1703 (0x4d80ea)
	serverHandler.ServeHTTP: handler.ServeHTTP(rw, req)
/usr/local/go/src/net/http/server.go:1204 (0x4d5bb7)
	(*conn).serve: serverHandler{c.server}.ServeHTTP(w, w.req)
/usr/local/go/src/runtime/asm_amd64.s:2232 (0x427db1)
	goexit: 

2016-03-13 09:51:28	URL:/home/index	View不存在
/home/cowboy/project/go/src/github.com/qqcowboy/dunhuaparts.com/System/Log/Logger.go:158 (0x50c274)
	(*Logger).AddErrMsg: content = content + "\r\n" + string(debug.Stack())
/home/cowboy/project/go/src/github.com/qqcowboy/dunhuaparts.com/System/Web/HttpHandler.go:24 (0x46770b)
	func.004: App.Log.AddErrMsg("URL:" + r.URL.String() + "\t" + fmt.Sprintf("%v", err))
/usr/local/go/src/runtime/asm_amd64.s:401 (0x425c95)
	call16: CALLFN(·call16, 16)
/usr/local/go/src/runtime/panic.go:387 (0x413008)
	gopanic: reflectcall(unsafe.Pointer(d.fn), deferArgs(d), uint32(d.siz), uint32(d.siz))
/home/cowboy/project/go/src/github.com/qqcowboy/dunhuaparts.com/System/Web/HttpHandler.go:117 (0x463788)
	(*HttpHandler).ServeHTTP: panic(err)
/usr/local/go/src/net/http/server.go:1703 (0x4d80ea)
	serverHandler.ServeHTTP: handler.ServeHTTP(rw, req)
/usr/local/go/src/net/http/server.go:1204 (0x4d5bb7)
	(*conn).serve: serverHandler{c.server}.ServeHTTP(w, w.req)
/usr/local/go/src/runtime/asm_amd64.s:2232 (0x427db1)
	goexit: 

2016-03-13 09:51:49	URL:/	View不存在
/home/cowboy/project/go/src/github.com/qqcowboy/dunhuaparts.com/System/Log/Logger.go:158 (0x50c274)
	(*Logger).AddErrMsg: content = content + "\r\n" + string(debug.Stack())
/home/cowboy/project/go/src/github.com/qqcowboy/dunhuaparts.com/System/Web/HttpHandler.go:24 (0x46770b)
	func.004: App.Log.AddErrMsg("URL:" + r.URL.String() + "\t" + fmt.Sprintf("%v", err))
/usr/local/go/src/runtime/asm_amd64.s:401 (0x425c95)
	call16: CALLFN(·call16, 16)
/usr/local/go/src/runtime/panic.go:387 (0x413008)
	gopanic: reflectcall(unsafe.Pointer(d.fn), deferArgs(d), uint32(d.siz), uint32(d.siz))
/home/cowboy/project/go/src/github.com/qqcowboy/dunhuaparts.com/System/Web/HttpHandler.go:117 (0x463788)
	(*HttpHandler).ServeHTTP: panic(err)
/usr/local/go/src/net/http/server.go:1703 (0x4d80ea)
	serverHandler.ServeHTTP: handler.ServeHTTP(rw, req)
/usr/local/go/src/net/http/server.go:1204 (0x4d5bb7)
	(*conn).serve: serverHandler{c.server}.ServeHTTP(w, w.req)
/usr/local/go/src/runtime/asm_amd64.s:2232 (0x427db1)
	goexit: 

2016-03-13 09:52:59	URL:/	View不存在
/home/cowboy/project/go/src/github.com/qqcowboy/dunhuaparts.com/System/Log/Logger.go:158 (0x50c274)
	(*Logger).AddErrMsg: content = content + "\r\n" + string(debug.Stack())
/home/cowboy/project/go/src/github.com/qqcowboy/dunhuaparts.com/System/Web/HttpHandler.go:24 (0x46770b)
	func.004: App.Log.AddErrMsg("URL:" + r.URL.String() + "\t" + fmt.Sprintf("%v", err))
/usr/local/go/src/runtime/asm_amd64.s:401 (0x425c95)
	call16: CALLFN(·call16, 16)
/usr/local/go/src/runtime/panic.go:387 (0x413008)
	gopanic: reflectcall(unsafe.Pointer(d.fn), deferArgs(d), uint32(d.siz), uint32(d.siz))
/home/cowboy/project/go/src/github.com/qqcowboy/dunhuaparts.com/System/Web/HttpHandler.go:117 (0x463788)
	(*HttpHandler).ServeHTTP: panic(err)
/usr/local/go/src/net/http/server.go:1703 (0x4d80ea)
	serverHandler.ServeHTTP: handler.ServeHTTP(rw, req)
/usr/local/go/src/net/http/server.go:1204 (0x4d5bb7)
	(*conn).serve: serverHandler{c.server}.ServeHTTP(w, w.req)
/usr/local/go/src/runtime/asm_amd64.s:2232 (0x427db1)
	goexit: 

2016-03-13 09:53:13	URL:/	View不存在
/home/cowboy/project/go/src/github.com/qqcowboy/dunhuaparts.com/System/Log/Logger.go:158 (0x50c274)
	(*Logger).AddErrMsg: content = content + "\r\n" + string(debug.Stack())
/home/cowboy/project/go/src/github.com/qqcowboy/dunhuaparts.com/System/Web/HttpHandler.go:24 (0x46770b)
	func.004: App.Log.AddErrMsg("URL:" + r.URL.String() + "\t" + fmt.Sprintf("%v", err))
/usr/local/go/src/runtime/asm_amd64.s:401 (0x425c95)
	call16: CALLFN(·call16, 16)
/usr/local/go/src/runtime/panic.go:387 (0x413008)
	gopanic: reflectcall(unsafe.Pointer(d.fn), deferArgs(d), uint32(d.siz), uint32(d.siz))
/home/cowboy/project/go/src/github.com/qqcowboy/dunhuaparts.com/System/Web/HttpHandler.go:117 (0x463788)
	(*HttpHandler).ServeHTTP: panic(err)
/usr/local/go/src/net/http/server.go:1703 (0x4d80ea)
	serverHandler.ServeHTTP: handler.ServeHTTP(rw, req)
/usr/local/go/src/net/http/server.go:1204 (0x4d5bb7)
	(*conn).serve: serverHandler{c.server}.ServeHTTP(w, w.req)
/usr/local/go/src/runtime/asm_amd64.s:2232 (0x427db1)
	goexit: 

2016-03-13 09:54:49	URL:/home/index/a/b	View不存在
/home/cowboy/project/go/src/github.com/qqcowboy/dunhuaparts.com/System/Log/Logger.go:158 (0x50c274)
	(*Logger).AddErrMsg: content = content + "\r\n" + string(debug.Stack())
/home/cowboy/project/go/src/github.com/qqcowboy/dunhuaparts.com/System/Web/HttpHandler.go:24 (0x46770b)
	func.004: App.Log.AddErrMsg("URL:" + r.URL.String() + "\t" + fmt.Sprintf("%v", err))
/usr/local/go/src/runtime/asm_amd64.s:401 (0x425c95)
	call16: CALLFN(·call16, 16)
/usr/local/go/src/runtime/panic.go:387 (0x413008)
	gopanic: reflectcall(unsafe.Pointer(d.fn), deferArgs(d), uint32(d.siz), uint32(d.siz))
/home/cowboy/project/go/src/github.com/qqcowboy/dunhuaparts.com/System/Web/HttpHandler.go:117 (0x463788)
	(*HttpHandler).ServeHTTP: panic(err)
/usr/local/go/src/net/http/server.go:1703 (0x4d80ea)
	serverHandler.ServeHTTP: handler.ServeHTTP(rw, req)
/usr/local/go/src/net/http/server.go:1204 (0x4d5bb7)
	(*conn).serve: serverHandler{c.server}.ServeHTTP(w, w.req)
/usr/local/go/src/runtime/asm_amd64.s:2232 (0x427db1)
	goexit: 

2016-03-13 09:55:20	URL:/home/index/a/b	View不存在
/home/cowboy/project/go/src/github.com/qqcowboy/dunhuaparts.com/System/Log/Logger.go:158 (0x50c284)
	(*Logger).AddErrMsg: content = content + "\r\n" + string(debug.Stack())
/home/cowboy/project/go/src/github.com/qqcowboy/dunhuaparts.com/System/Web/HttpHandler.go:24 (0x46771b)
	func.004: App.Log.AddErrMsg("URL:" + r.URL.String() + "\t" + fmt.Sprintf("%v", err))
/usr/local/go/src/runtime/asm_amd64.s:401 (0x425c95)
	call16: CALLFN(·call16, 16)
/usr/local/go/src/runtime/panic.go:387 (0x413008)
	gopanic: reflectcall(unsafe.Pointer(d.fn), deferArgs(d), uint32(d.siz), uint32(d.siz))
/home/cowboy/project/go/src/github.com/qqcowboy/dunhuaparts.com/System/Web/HttpHandler.go:117 (0x463798)
	(*HttpHandler).ServeHTTP: panic(err)
/usr/local/go/src/net/http/server.go:1703 (0x4d80fa)
	serverHandler.ServeHTTP: handler.ServeHTTP(rw, req)
/usr/local/go/src/net/http/server.go:1204 (0x4d5bc7)
	(*conn).serve: serverHandler{c.server}.ServeHTTP(w, w.req)
/usr/local/go/src/runtime/asm_amd64.s:2232 (0x427db1)
	goexit: 

2016-03-13 09:55:53	URL:/home/index/a/b	View不存在
/home/cowboy/project/go/src/github.com/qqcowboy/dunhuaparts.com/System/Log/Logger.go:158 (0x50c2b4)
	(*Logger).AddErrMsg: content = content + "\r\n" + string(debug.Stack())
/home/cowboy/project/go/src/github.com/qqcowboy/dunhuaparts.com/System/Web/HttpHandler.go:24 (0x46774b)
	func.004: App.Log.AddErrMsg("URL:" + r.URL.String() + "\t" + fmt.Sprintf("%v", err))
/usr/local/go/src/runtime/asm_amd64.s:401 (0x425c95)
	call16: CALLFN(·call16, 16)
/usr/local/go/src/runtime/panic.go:387 (0x413008)
	gopanic: reflectcall(unsafe.Pointer(d.fn), deferArgs(d), uint32(d.siz), uint32(d.siz))
/home/cowboy/project/go/src/github.com/qqcowboy/dunhuaparts.com/System/Web/HttpHandler.go:117 (0x4637c8)
	(*HttpHandler).ServeHTTP: panic(err)
/usr/local/go/src/net/http/server.go:1703 (0x4d812a)
	serverHandler.ServeHTTP: handler.ServeHTTP(rw, req)
/usr/local/go/src/net/http/server.go:1204 (0x4d5bf7)
	(*conn).serve: serverHandler{c.server}.ServeHTTP(w, w.req)
/usr/local/go/src/runtime/asm_amd64.s:2232 (0x427db1)
	goexit: 

2016-03-13 09:57:13	URL:/home/index/a/b	View不存在
/home/cowboy/project/go/src/github.com/qqcowboy/dunhuaparts.com/System/Log/Logger.go:158 (0x50c4e4)
	(*Logger).AddErrMsg: content = content + "\r\n" + string(debug.Stack())
/home/cowboy/project/go/src/github.com/qqcowboy/dunhuaparts.com/System/Web/HttpHandler.go:24 (0x46797b)
	func.004: App.Log.AddErrMsg("URL:" + r.URL.String() + "\t" + fmt.Sprintf("%v", err))
/usr/local/go/src/runtime/asm_amd64.s:401 (0x425c95)
	call16: CALLFN(·call16, 16)
/usr/local/go/src/runtime/panic.go:387 (0x413008)
	gopanic: reflectcall(unsafe.Pointer(d.fn), deferArgs(d), uint32(d.siz), uint32(d.siz))
/home/cowboy/project/go/src/github.com/qqcowboy/dunhuaparts.com/System/Web/HttpHandler.go:117 (0x4639f8)
	(*HttpHandler).ServeHTTP: panic(err)
/usr/local/go/src/net/http/server.go:1703 (0x4d835a)
	serverHandler.ServeHTTP: handler.ServeHTTP(rw, req)
/usr/local/go/src/net/http/server.go:1204 (0x4d5e27)
	(*conn).serve: serverHandler{c.server}.ServeHTTP(w, w.req)
/usr/local/go/src/runtime/asm_amd64.s:2232 (0x427db1)
	goexit: 

2016-03-13 09:59:02	URL:/home/index/a/b	View不存在
/home/cowboy/project/go/src/github.com/qqcowboy/dunhuaparts.com/System/Log/Logger.go:158 (0x50c5a4)
	(*Logger).AddErrMsg: content = content + "\r\n" + string(debug.Stack())
/home/cowboy/project/go/src/github.com/qqcowboy/dunhuaparts.com/System/Web/HttpHandler.go:24 (0x467a3b)
	func.004: App.Log.AddErrMsg("URL:" + r.URL.String() + "\t" + fmt.Sprintf("%v", err))
/usr/local/go/src/runtime/asm_amd64.s:401 (0x425c95)
	call16: CALLFN(·call16, 16)
/usr/local/go/src/runtime/panic.go:387 (0x413008)
	gopanic: reflectcall(unsafe.Pointer(d.fn), deferArgs(d), uint32(d.siz), uint32(d.siz))
/home/cowboy/project/go/src/github.com/qqcowboy/dunhuaparts.com/System/Web/HttpHandler.go:117 (0x463ab8)
	(*HttpHandler).ServeHTTP: panic(err)
/usr/local/go/src/net/http/server.go:1703 (0x4d841a)
	serverHandler.ServeHTTP: handler.ServeHTTP(rw, req)
/usr/local/go/src/net/http/server.go:1204 (0x4d5ee7)
	(*conn).serve: serverHandler{c.server}.ServeHTTP(w, w.req)
/usr/local/go/src/runtime/asm_amd64.s:2232 (0x427db1)
	goexit: 

2016-03-13 10:00:10	URL:/home/a	View不存在
/home/cowboy/project/go/src/github.com/qqcowboy/dunhuaparts.com/System/Log/Logger.go:158 (0x50c5a4)
	(*Logger).AddErrMsg: content = content + "\r\n" + string(debug.Stack())
/home/cowboy/project/go/src/github.com/qqcowboy/dunhuaparts.com/System/Web/HttpHandler.go:24 (0x467a3b)
	func.004: App.Log.AddErrMsg("URL:" + r.URL.String() + "\t" + fmt.Sprintf("%v", err))
/usr/local/go/src/runtime/asm_amd64.s:401 (0x425c95)
	call16: CALLFN(·call16, 16)
/usr/local/go/src/runtime/panic.go:387 (0x413008)
	gopanic: reflectcall(unsafe.Pointer(d.fn), deferArgs(d), uint32(d.siz), uint32(d.siz))
/home/cowboy/project/go/src/github.com/qqcowboy/dunhuaparts.com/System/Web/HttpHandler.go:117 (0x463ab8)
	(*HttpHandler).ServeHTTP: panic(err)
/usr/local/go/src/net/http/server.go:1703 (0x4d841a)
	serverHandler.ServeHTTP: handler.ServeHTTP(rw, req)
/usr/local/go/src/net/http/server.go:1204 (0x4d5ee7)
	(*conn).serve: serverHandler{c.server}.ServeHTTP(w, w.req)
/usr/local/go/src/runtime/asm_amd64.s:2232 (0x427db1)
	goexit: 

2016-03-13 10:03:25	URL:/home/index/test	View不存在
/home/cowboy/project/go/src/github.com/qqcowboy/dunhuaparts.com/System/Log/Logger.go:158 (0x50c644)
	(*Logger).AddErrMsg: content = content + "\r\n" + string(debug.Stack())
/home/cowboy/project/go/src/github.com/qqcowboy/dunhuaparts.com/System/Web/HttpHandler.go:24 (0x467adb)
	func.004: App.Log.AddErrMsg("URL:" + r.URL.String() + "\t" + fmt.Sprintf("%v", err))
/usr/local/go/src/runtime/asm_amd64.s:401 (0x425c95)
	call16: CALLFN(·call16, 16)
/usr/local/go/src/runtime/panic.go:387 (0x413008)
	gopanic: reflectcall(unsafe.Pointer(d.fn), deferArgs(d), uint32(d.siz), uint32(d.siz))
/home/cowboy/project/go/src/github.com/qqcowboy/dunhuaparts.com/System/Web/HttpHandler.go:117 (0x463b58)
	(*HttpHandler).ServeHTTP: panic(err)
/usr/local/go/src/net/http/server.go:1703 (0x4d84ba)
	serverHandler.ServeHTTP: handler.ServeHTTP(rw, req)
/usr/local/go/src/net/http/server.go:1204 (0x4d5f87)
	(*conn).serve: serverHandler{c.server}.ServeHTTP(w, w.req)
/usr/local/go/src/runtime/asm_amd64.s:2232 (0x427db1)
	goexit: 

2016-03-13 10:03:46	URL:/home/index/apple	View不存在
/home/cowboy/project/go/src/github.com/qqcowboy/dunhuaparts.com/System/Log/Logger.go:158 (0x50c644)
	(*Logger).AddErrMsg: content = content + "\r\n" + string(debug.Stack())
/home/cowboy/project/go/src/github.com/qqcowboy/dunhuaparts.com/System/Web/HttpHandler.go:24 (0x467adb)
	func.004: App.Log.AddErrMsg("URL:" + r.URL.String() + "\t" + fmt.Sprintf("%v", err))
/usr/local/go/src/runtime/asm_amd64.s:401 (0x425c95)
	call16: CALLFN(·call16, 16)
/usr/local/go/src/runtime/panic.go:387 (0x413008)
	gopanic: reflectcall(unsafe.Pointer(d.fn), deferArgs(d), uint32(d.siz), uint32(d.siz))
/home/cowboy/project/go/src/github.com/qqcowboy/dunhuaparts.com/System/Web/HttpHandler.go:117 (0x463b58)
	(*HttpHandler).ServeHTTP: panic(err)
/usr/local/go/src/net/http/server.go:1703 (0x4d84ba)
	serverHandler.ServeHTTP: handler.ServeHTTP(rw, req)
/usr/local/go/src/net/http/server.go:1204 (0x4d5f87)
	(*conn).serve: serverHandler{c.server}.ServeHTTP(w, w.req)
/usr/local/go/src/runtime/asm_amd64.s:2232 (0x427db1)
	goexit: 

2016-03-13 10:03:50	URL:/home/index/abc	View不存在
/home/cowboy/project/go/src/github.com/qqcowboy/dunhuaparts.com/System/Log/Logger.go:158 (0x50c644)
	(*Logger).AddErrMsg: content = content + "\r\n" + string(debug.Stack())
/home/cowboy/project/go/src/github.com/qqcowboy/dunhuaparts.com/System/Web/HttpHandler.go:24 (0x467adb)
	func.004: App.Log.AddErrMsg("URL:" + r.URL.String() + "\t" + fmt.Sprintf("%v", err))
/usr/local/go/src/runtime/asm_amd64.s:401 (0x425c95)
	call16: CALLFN(·call16, 16)
/usr/local/go/src/runtime/panic.go:387 (0x413008)
	gopanic: reflectcall(unsafe.Pointer(d.fn), deferArgs(d), uint32(d.siz), uint32(d.siz))
/home/cowboy/project/go/src/github.com/qqcowboy/dunhuaparts.com/System/Web/HttpHandler.go:117 (0x463b58)
	(*HttpHandler).ServeHTTP: panic(err)
/usr/local/go/src/net/http/server.go:1703 (0x4d84ba)
	serverHandler.ServeHTTP: handler.ServeHTTP(rw, req)
/usr/local/go/src/net/http/server.go:1204 (0x4d5f87)
	(*conn).serve: serverHandler{c.server}.ServeHTTP(w, w.req)
/usr/local/go/src/runtime/asm_amd64.s:2232 (0x427db1)
	goexit: 

2016-03-13 10:04:21	URL:/home/index/te/ab	View不存在
/home/cowboy/project/go/src/github.com/qqcowboy/dunhuaparts.com/System/Log/Logger.go:158 (0x50c644)
	(*Logger).AddErrMsg: content = content + "\r\n" + string(debug.Stack())
/home/cowboy/project/go/src/github.com/qqcowboy/dunhuaparts.com/System/Web/HttpHandler.go:24 (0x467adb)
	func.004: App.Log.AddErrMsg("URL:" + r.URL.String() + "\t" + fmt.Sprintf("%v", err))
/usr/local/go/src/runtime/asm_amd64.s:401 (0x425c95)
	call16: CALLFN(·call16, 16)
/usr/local/go/src/runtime/panic.go:387 (0x413008)
	gopanic: reflectcall(unsafe.Pointer(d.fn), deferArgs(d), uint32(d.siz), uint32(d.siz))
/home/cowboy/project/go/src/github.com/qqcowboy/dunhuaparts.com/System/Web/HttpHandler.go:117 (0x463b58)
	(*HttpHandler).ServeHTTP: panic(err)
/usr/local/go/src/net/http/server.go:1703 (0x4d84ba)
	serverHandler.ServeHTTP: handler.ServeHTTP(rw, req)
/usr/local/go/src/net/http/server.go:1204 (0x4d5f87)
	(*conn).serve: serverHandler{c.server}.ServeHTTP(w, w.req)
/usr/local/go/src/runtime/asm_amd64.s:2232 (0x427db1)
	goexit: 

2016-03-13 10:04:49	URL:/home/index/te/ab	View不存在
/home/cowboy/project/go/src/github.com/qqcowboy/dunhuaparts.com/System/Log/Logger.go:158 (0x50c644)
	(*Logger).AddErrMsg: content = content + "\r\n" + string(debug.Stack())
/home/cowboy/project/go/src/github.com/qqcowboy/dunhuaparts.com/System/Web/HttpHandler.go:24 (0x467adb)
	func.004: App.Log.AddErrMsg("URL:" + r.URL.String() + "\t" + fmt.Sprintf("%v", err))
/usr/local/go/src/runtime/asm_amd64.s:401 (0x425c95)
	call16: CALLFN(·call16, 16)
/usr/local/go/src/runtime/panic.go:387 (0x413008)
	gopanic: reflectcall(unsafe.Pointer(d.fn), deferArgs(d), uint32(d.siz), uint32(d.siz))
/home/cowboy/project/go/src/github.com/qqcowboy/dunhuaparts.com/System/Web/HttpHandler.go:117 (0x463b58)
	(*HttpHandler).ServeHTTP: panic(err)
/usr/local/go/src/net/http/server.go:1703 (0x4d84ba)
	serverHandler.ServeHTTP: handler.ServeHTTP(rw, req)
/usr/local/go/src/net/http/server.go:1204 (0x4d5f87)
	(*conn).serve: serverHandler{c.server}.ServeHTTP(w, w.req)
/usr/local/go/src/runtime/asm_amd64.s:2232 (0x427db1)
	goexit: 

2016-03-13 10:05:13	URL:/home/index/te/ab	View不存在
/home/cowboy/project/go/src/github.com/qqcowboy/dunhuaparts.com/System/Log/Logger.go:158 (0x50c734)
	(*Logger).AddErrMsg: content = content + "\r\n" + string(debug.Stack())
/home/cowboy/project/go/src/github.com/qqcowboy/dunhuaparts.com/System/Web/HttpHandler.go:24 (0x467bcb)
	func.004: App.Log.AddErrMsg("URL:" + r.URL.String() + "\t" + fmt.Sprintf("%v", err))
/usr/local/go/src/runtime/asm_amd64.s:401 (0x425c95)
	call16: CALLFN(·call16, 16)
/usr/local/go/src/runtime/panic.go:387 (0x413008)
	gopanic: reflectcall(unsafe.Pointer(d.fn), deferArgs(d), uint32(d.siz), uint32(d.siz))
/home/cowboy/project/go/src/github.com/qqcowboy/dunhuaparts.com/System/Web/HttpHandler.go:117 (0x463c48)
	(*HttpHandler).ServeHTTP: panic(err)
/usr/local/go/src/net/http/server.go:1703 (0x4d85aa)
	serverHandler.ServeHTTP: handler.ServeHTTP(rw, req)
/usr/local/go/src/net/http/server.go:1204 (0x4d6077)
	(*conn).serve: serverHandler{c.server}.ServeHTTP(w, w.req)
/usr/local/go/src/runtime/asm_amd64.s:2232 (0x427db1)
	goexit: 

2016-03-13 10:05:37	URL:/home/index/te/ab	View不存在
/home/cowboy/project/go/src/github.com/qqcowboy/dunhuaparts.com/System/Log/Logger.go:158 (0x50c7c4)
	(*Logger).AddErrMsg: content = content + "\r\n" + string(debug.Stack())
/home/cowboy/project/go/src/github.com/qqcowboy/dunhuaparts.com/System/Web/HttpHandler.go:24 (0x467c5b)
	func.004: App.Log.AddErrMsg("URL:" + r.URL.String() + "\t" + fmt.Sprintf("%v", err))
/usr/local/go/src/runtime/asm_amd64.s:401 (0x425c95)
	call16: CALLFN(·call16, 16)
/usr/local/go/src/runtime/panic.go:387 (0x413008)
	gopanic: reflectcall(unsafe.Pointer(d.fn), deferArgs(d), uint32(d.siz), uint32(d.siz))
/home/cowboy/project/go/src/github.com/qqcowboy/dunhuaparts.com/System/Web/HttpHandler.go:117 (0x463cd8)
	(*HttpHandler).ServeHTTP: panic(err)
/usr/local/go/src/net/http/server.go:1703 (0x4d863a)
	serverHandler.ServeHTTP: handler.ServeHTTP(rw, req)
/usr/local/go/src/net/http/server.go:1204 (0x4d6107)
	(*conn).serve: serverHandler{c.server}.ServeHTTP(w, w.req)
/usr/local/go/src/runtime/asm_amd64.s:2232 (0x427db1)
	goexit: 

2016-03-13 10:09:30	URL:/home/index/te/ab	View不存在
/home/cowboy/project/go/src/github.com/qqcowboy/dunhuaparts.com/System/Log/Logger.go:158 (0x50c924)
	(*Logger).AddErrMsg: content = content + "\r\n" + string(debug.Stack())
/home/cowboy/project/go/src/github.com/qqcowboy/dunhuaparts.com/System/Web/HttpHandler.go:24 (0x467c5b)
	func.004: App.Log.AddErrMsg("URL:" + r.URL.String() + "\t" + fmt.Sprintf("%v", err))
/usr/local/go/src/runtime/asm_amd64.s:401 (0x425c95)
	call16: CALLFN(·call16, 16)
/usr/local/go/src/runtime/panic.go:387 (0x413008)
	gopanic: reflectcall(unsafe.Pointer(d.fn), deferArgs(d), uint32(d.siz), uint32(d.siz))
/home/cowboy/project/go/src/github.com/qqcowboy/dunhuaparts.com/System/Web/HttpHandler.go:117 (0x463cd8)
	(*HttpHandler).ServeHTTP: panic(err)
/usr/local/go/src/net/http/server.go:1703 (0x4d863a)
	serverHandler.ServeHTTP: handler.ServeHTTP(rw, req)
/usr/local/go/src/net/http/server.go:1204 (0x4d6107)
	(*conn).serve: serverHandler{c.server}.ServeHTTP(w, w.req)
/usr/local/go/src/runtime/asm_amd64.s:2232 (0x427db1)
	goexit: 

2016-03-13 10:09:54	URL:/home/index/te/testapple	View不存在
/home/cowboy/project/go/src/github.com/qqcowboy/dunhuaparts.com/System/Log/Logger.go:158 (0x50c924)
	(*Logger).AddErrMsg: content = content + "\r\n" + string(debug.Stack())
/home/cowboy/project/go/src/github.com/qqcowboy/dunhuaparts.com/System/Web/HttpHandler.go:24 (0x467c5b)
	func.004: App.Log.AddErrMsg("URL:" + r.URL.String() + "\t" + fmt.Sprintf("%v", err))
/usr/local/go/src/runtime/asm_amd64.s:401 (0x425c95)
	call16: CALLFN(·call16, 16)
/usr/local/go/src/runtime/panic.go:387 (0x413008)
	gopanic: reflectcall(unsafe.Pointer(d.fn), deferArgs(d), uint32(d.siz), uint32(d.siz))
/home/cowboy/project/go/src/github.com/qqcowboy/dunhuaparts.com/System/Web/HttpHandler.go:117 (0x463cd8)
	(*HttpHandler).ServeHTTP: panic(err)
/usr/local/go/src/net/http/server.go:1703 (0x4d863a)
	serverHandler.ServeHTTP: handler.ServeHTTP(rw, req)
/usr/local/go/src/net/http/server.go:1204 (0x4d6107)
	(*conn).serve: serverHandler{c.server}.ServeHTTP(w, w.req)
/usr/local/go/src/runtime/asm_amd64.s:2232 (0x427db1)
	goexit: 

2016-03-13 10:19:45	URL:/home/index/te/ass	View不存在
/home/cowboy/project/go/src/github.com/qqcowboy/dunhuaparts.com/System/Log/Logger.go:158 (0x50c924)
	(*Logger).AddErrMsg: content = content + "\r\n" + string(debug.Stack())
/home/cowboy/project/go/src/github.com/qqcowboy/dunhuaparts.com/System/Web/HttpHandler.go:24 (0x467c5b)
	func.004: App.Log.AddErrMsg("URL:" + r.URL.String() + "\t" + fmt.Sprintf("%v", err))
/usr/local/go/src/runtime/asm_amd64.s:401 (0x425c95)
	call16: CALLFN(·call16, 16)
/usr/local/go/src/runtime/panic.go:387 (0x413008)
	gopanic: reflectcall(unsafe.Pointer(d.fn), deferArgs(d), uint32(d.siz), uint32(d.siz))
/home/cowboy/project/go/src/github.com/qqcowboy/dunhuaparts.com/System/Web/HttpHandler.go:117 (0x463cd8)
	(*HttpHandler).ServeHTTP: panic(err)
/usr/local/go/src/net/http/server.go:1703 (0x4d863a)
	serverHandler.ServeHTTP: handler.ServeHTTP(rw, req)
/usr/local/go/src/net/http/server.go:1204 (0x4d6107)
	(*conn).serve: serverHandler{c.server}.ServeHTTP(w, w.req)
/usr/local/go/src/runtime/asm_amd64.s:2232 (0x427db1)
	goexit: 

2016-03-13 10:20:05	URL:/home/te/ass	View不存在
/home/cowboy/project/go/src/github.com/qqcowboy/dunhuaparts.com/System/Log/Logger.go:158 (0x50c924)
	(*Logger).AddErrMsg: content = content + "\r\n" + string(debug.Stack())
/home/cowboy/project/go/src/github.com/qqcowboy/dunhuaparts.com/System/Web/HttpHandler.go:24 (0x467c5b)
	func.004: App.Log.AddErrMsg("URL:" + r.URL.String() + "\t" + fmt.Sprintf("%v", err))
/usr/local/go/src/runtime/asm_amd64.s:401 (0x425c95)
	call16: CALLFN(·call16, 16)
/usr/local/go/src/runtime/panic.go:387 (0x413008)
	gopanic: reflectcall(unsafe.Pointer(d.fn), deferArgs(d), uint32(d.siz), uint32(d.siz))
/home/cowboy/project/go/src/github.com/qqcowboy/dunhuaparts.com/System/Web/HttpHandler.go:117 (0x463cd8)
	(*HttpHandler).ServeHTTP: panic(err)
/usr/local/go/src/net/http/server.go:1703 (0x4d863a)
	serverHandler.ServeHTTP: handler.ServeHTTP(rw, req)
/usr/local/go/src/net/http/server.go:1204 (0x4d6107)
	(*conn).serve: serverHandler{c.server}.ServeHTTP(w, w.req)
/usr/local/go/src/runtime/asm_amd64.s:2232 (0x427db1)
	goexit: 

2016-03-13 10:20:58	URL:/home/index/ass	View不存在
/home/cowboy/project/go/src/github.com/qqcowboy/dunhuaparts.com/System/Log/Logger.go:158 (0x50c944)
	(*Logger).AddErrMsg: content = content + "\r\n" + string(debug.Stack())
/home/cowboy/project/go/src/github.com/qqcowboy/dunhuaparts.com/System/Web/HttpHandler.go:24 (0x467c7b)
	func.004: App.Log.AddErrMsg("URL:" + r.URL.String() + "\t" + fmt.Sprintf("%v", err))
/usr/local/go/src/runtime/asm_amd64.s:401 (0x425c95)
	call16: CALLFN(·call16, 16)
/usr/local/go/src/runtime/panic.go:387 (0x413008)
	gopanic: reflectcall(unsafe.Pointer(d.fn), deferArgs(d), uint32(d.siz), uint32(d.siz))
/home/cowboy/project/go/src/github.com/qqcowboy/dunhuaparts.com/System/Web/HttpHandler.go:117 (0x463cf8)
	(*HttpHandler).ServeHTTP: panic(err)
/usr/local/go/src/net/http/server.go:1703 (0x4d865a)
	serverHandler.ServeHTTP: handler.ServeHTTP(rw, req)
/usr/local/go/src/net/http/server.go:1204 (0x4d6127)
	(*conn).serve: serverHandler{c.server}.ServeHTTP(w, w.req)
/usr/local/go/src/runtime/asm_amd64.s:2232 (0x427db1)
	goexit: 

2016-03-13 15:00:26	HttpHandler.Show404,页面展示时出错:View不存在
2016-03-13 15:00:26	HttpHandler.Show404,页面展示时出错:View不存在
2016-03-13 15:00:26	HttpHandler.Show404,页面展示时出错:View不存在
2016-03-13 15:00:26	HttpHandler.Show404,页面展示时出错:View不存在
2016-03-13 15:00:26	HttpHandler.Show404,页面展示时出错:View不存在
2016-03-13 15:00:26	HttpHandler.Show404,页面展示时出错:View不存在
2016-03-13 15:00:44	HttpHandler.Show404,页面展示时出错:View不存在
2016-03-13 15:00:44	HttpHandler.Show404,页面展示时出错:View不存在
2016-03-13 15:00:44	HttpHandler.Show404,页面展示时出错:View不存在
2016-03-13 15:00:44	HttpHandler.Show404,页面展示时出错:View不存在
2016-03-13 15:00:44	HttpHandler.Show404,页面展示时出错:View不存在
2016-03-13 15:00:44	HttpHandler.Show404,页面展示时出错:View不存在
2016-03-13 15:26:33	HttpHandler.Show404,页面展示时出错:View不存在
