2016-04-17 20:51:17	URL:/admin/user/index	View不存在
/home/cowboy/project/go/src/github.com/qqcowboy/dunhuaparts.com/System/Log/Logger.go:158 (0x528b44)
	(*Logger).AddErrMsg: content = content + "\r\n" + string(debug.Stack())
/home/cowboy/project/go/src/github.com/qqcowboy/dunhuaparts.com/System/Web/HttpHandler.go:25 (0x470a7b)
	func.004: App.Log.AddErrMsg("URL:" + r.URL.String() + "\t" + fmt.Sprintf("%v", err))
/usr/local/go/src/runtime/asm_amd64.s:401 (0x425c95)
	call16: CALLFN(·call16, 16)
/usr/local/go/src/runtime/panic.go:387 (0x413008)
	gopanic: reflectcall(unsafe.Pointer(d.fn), deferArgs(d), uint32(d.siz), uint32(d.siz))
/home/cowboy/project/go/src/github.com/qqcowboy/dunhuaparts.com/System/Web/HttpHandler.go:113 (0x46c86f)
	(*HttpHandler).ServeHTTP: panic(err)
/usr/local/go/src/net/http/server.go:1703 (0x4ee69a)
	serverHandler.ServeHTTP: handler.ServeHTTP(rw, req)
/usr/local/go/src/net/http/server.go:1204 (0x4ec167)
	(*conn).serve: serverHandler{c.server}.ServeHTTP(w, w.req)
/usr/local/go/src/runtime/asm_amd64.s:2232 (0x427db1)
	goexit: 

2016-04-17 20:51:17	URL:/admin/news/index	View不存在
/home/cowboy/project/go/src/github.com/qqcowboy/dunhuaparts.com/System/Log/Logger.go:158 (0x528b44)
	(*Logger).AddErrMsg: content = content + "\r\n" + string(debug.Stack())
/home/cowboy/project/go/src/github.com/qqcowboy/dunhuaparts.com/System/Web/HttpHandler.go:25 (0x470a7b)
	func.004: App.Log.AddErrMsg("URL:" + r.URL.String() + "\t" + fmt.Sprintf("%v", err))
/usr/local/go/src/runtime/asm_amd64.s:401 (0x425c95)
	call16: CALLFN(·call16, 16)
/usr/local/go/src/runtime/panic.go:387 (0x413008)
	gopanic: reflectcall(unsafe.Pointer(d.fn), deferArgs(d), uint32(d.siz), uint32(d.siz))
/home/cowboy/project/go/src/github.com/qqcowboy/dunhuaparts.com/System/Web/HttpHandler.go:113 (0x46c86f)
	(*HttpHandler).ServeHTTP: panic(err)
/usr/local/go/src/net/http/server.go:1703 (0x4ee69a)
	serverHandler.ServeHTTP: handler.ServeHTTP(rw, req)
/usr/local/go/src/net/http/server.go:1204 (0x4ec167)
	(*conn).serve: serverHandler{c.server}.ServeHTTP(w, w.req)
/usr/local/go/src/runtime/asm_amd64.s:2232 (0x427db1)
	goexit: 

2016-04-17 20:51:18	URL:/admin/product/index	View不存在
/home/cowboy/project/go/src/github.com/qqcowboy/dunhuaparts.com/System/Log/Logger.go:158 (0x528b44)
	(*Logger).AddErrMsg: content = content + "\r\n" + string(debug.Stack())
/home/cowboy/project/go/src/github.com/qqcowboy/dunhuaparts.com/System/Web/HttpHandler.go:25 (0x470a7b)
	func.004: App.Log.AddErrMsg("URL:" + r.URL.String() + "\t" + fmt.Sprintf("%v", err))
/usr/local/go/src/runtime/asm_amd64.s:401 (0x425c95)
	call16: CALLFN(·call16, 16)
/usr/local/go/src/runtime/panic.go:387 (0x413008)
	gopanic: reflectcall(unsafe.Pointer(d.fn), deferArgs(d), uint32(d.siz), uint32(d.siz))
/home/cowboy/project/go/src/github.com/qqcowboy/dunhuaparts.com/System/Web/HttpHandler.go:113 (0x46c86f)
	(*HttpHandler).ServeHTTP: panic(err)
/usr/local/go/src/net/http/server.go:1703 (0x4ee69a)
	serverHandler.ServeHTTP: handler.ServeHTTP(rw, req)
/usr/local/go/src/net/http/server.go:1204 (0x4ec167)
	(*conn).serve: serverHandler{c.server}.ServeHTTP(w, w.req)
/usr/local/go/src/runtime/asm_amd64.s:2232 (0x427db1)
	goexit: 

2016-04-17 20:55:37	URL:/admin/product/index	View不存在
/home/cowboy/project/go/src/github.com/qqcowboy/dunhuaparts.com/System/Log/Logger.go:158 (0x528b44)
	(*Logger).AddErrMsg: content = content + "\r\n" + string(debug.Stack())
/home/cowboy/project/go/src/github.com/qqcowboy/dunhuaparts.com/System/Web/HttpHandler.go:25 (0x470a7b)
	func.004: App.Log.AddErrMsg("URL:" + r.URL.String() + "\t" + fmt.Sprintf("%v", err))
/usr/local/go/src/runtime/asm_amd64.s:401 (0x425c95)
	call16: CALLFN(·call16, 16)
/usr/local/go/src/runtime/panic.go:387 (0x413008)
	gopanic: reflectcall(unsafe.Pointer(d.fn), deferArgs(d), uint32(d.siz), uint32(d.siz))
/home/cowboy/project/go/src/github.com/qqcowboy/dunhuaparts.com/System/Web/HttpHandler.go:113 (0x46c86f)
	(*HttpHandler).ServeHTTP: panic(err)
/usr/local/go/src/net/http/server.go:1703 (0x4ee69a)
	serverHandler.ServeHTTP: handler.ServeHTTP(rw, req)
/usr/local/go/src/net/http/server.go:1204 (0x4ec167)
	(*conn).serve: serverHandler{c.server}.ServeHTTP(w, w.req)
/usr/local/go/src/runtime/asm_amd64.s:2232 (0x427db1)
	goexit: 

2016-04-17 20:55:37	URL:/admin/news/index	View不存在
/home/cowboy/project/go/src/github.com/qqcowboy/dunhuaparts.com/System/Log/Logger.go:158 (0x528b44)
	(*Logger).AddErrMsg: content = content + "\r\n" + string(debug.Stack())
/home/cowboy/project/go/src/github.com/qqcowboy/dunhuaparts.com/System/Web/HttpHandler.go:25 (0x470a7b)
	func.004: App.Log.AddErrMsg("URL:" + r.URL.String() + "\t" + fmt.Sprintf("%v", err))
/usr/local/go/src/runtime/asm_amd64.s:401 (0x425c95)
	call16: CALLFN(·call16, 16)
/usr/local/go/src/runtime/panic.go:387 (0x413008)
	gopanic: reflectcall(unsafe.Pointer(d.fn), deferArgs(d), uint32(d.siz), uint32(d.siz))
/home/cowboy/project/go/src/github.com/qqcowboy/dunhuaparts.com/System/Web/HttpHandler.go:113 (0x46c86f)
	(*HttpHandler).ServeHTTP: panic(err)
/usr/local/go/src/net/http/server.go:1703 (0x4ee69a)
	serverHandler.ServeHTTP: handler.ServeHTTP(rw, req)
/usr/local/go/src/net/http/server.go:1204 (0x4ec167)
	(*conn).serve: serverHandler{c.server}.ServeHTTP(w, w.req)
/usr/local/go/src/runtime/asm_amd64.s:2232 (0x427db1)
	goexit: 

2016-04-17 20:55:50	URL:/admin/user/index	View不存在
/home/cowboy/project/go/src/github.com/qqcowboy/dunhuaparts.com/System/Log/Logger.go:158 (0x528b44)
	(*Logger).AddErrMsg: content = content + "\r\n" + string(debug.Stack())
/home/cowboy/project/go/src/github.com/qqcowboy/dunhuaparts.com/System/Web/HttpHandler.go:25 (0x470a7b)
	func.004: App.Log.AddErrMsg("URL:" + r.URL.String() + "\t" + fmt.Sprintf("%v", err))
/usr/local/go/src/runtime/asm_amd64.s:401 (0x425c95)
	call16: CALLFN(·call16, 16)
/usr/local/go/src/runtime/panic.go:387 (0x413008)
	gopanic: reflectcall(unsafe.Pointer(d.fn), deferArgs(d), uint32(d.siz), uint32(d.siz))
/home/cowboy/project/go/src/github.com/qqcowboy/dunhuaparts.com/System/Web/HttpHandler.go:113 (0x46c86f)
	(*HttpHandler).ServeHTTP: panic(err)
/usr/local/go/src/net/http/server.go:1703 (0x4ee69a)
	serverHandler.ServeHTTP: handler.ServeHTTP(rw, req)
/usr/local/go/src/net/http/server.go:1204 (0x4ec167)
	(*conn).serve: serverHandler{c.server}.ServeHTTP(w, w.req)
/usr/local/go/src/runtime/asm_amd64.s:2232 (0x427db1)
	goexit: 

2016-04-17 20:55:51	URL:/admin/news/index	View不存在
/home/cowboy/project/go/src/github.com/qqcowboy/dunhuaparts.com/System/Log/Logger.go:158 (0x528b44)
	(*Logger).AddErrMsg: content = content + "\r\n" + string(debug.Stack())
/home/cowboy/project/go/src/github.com/qqcowboy/dunhuaparts.com/System/Web/HttpHandler.go:25 (0x470a7b)
	func.004: App.Log.AddErrMsg("URL:" + r.URL.String() + "\t" + fmt.Sprintf("%v", err))
/usr/local/go/src/runtime/asm_amd64.s:401 (0x425c95)
	call16: CALLFN(·call16, 16)
/usr/local/go/src/runtime/panic.go:387 (0x413008)
	gopanic: reflectcall(unsafe.Pointer(d.fn), deferArgs(d), uint32(d.siz), uint32(d.siz))
/home/cowboy/project/go/src/github.com/qqcowboy/dunhuaparts.com/System/Web/HttpHandler.go:113 (0x46c86f)
	(*HttpHandler).ServeHTTP: panic(err)
/usr/local/go/src/net/http/server.go:1703 (0x4ee69a)
	serverHandler.ServeHTTP: handler.ServeHTTP(rw, req)
/usr/local/go/src/net/http/server.go:1204 (0x4ec167)
	(*conn).serve: serverHandler{c.server}.ServeHTTP(w, w.req)
/usr/local/go/src/runtime/asm_amd64.s:2232 (0x427db1)
	goexit: 

2016-04-17 20:55:53	URL:/admin/product/index	View不存在
/home/cowboy/project/go/src/github.com/qqcowboy/dunhuaparts.com/System/Log/Logger.go:158 (0x528b44)
	(*Logger).AddErrMsg: content = content + "\r\n" + string(debug.Stack())
/home/cowboy/project/go/src/github.com/qqcowboy/dunhuaparts.com/System/Web/HttpHandler.go:25 (0x470a7b)
	func.004: App.Log.AddErrMsg("URL:" + r.URL.String() + "\t" + fmt.Sprintf("%v", err))
/usr/local/go/src/runtime/asm_amd64.s:401 (0x425c95)
	call16: CALLFN(·call16, 16)
/usr/local/go/src/runtime/panic.go:387 (0x413008)
	gopanic: reflectcall(unsafe.Pointer(d.fn), deferArgs(d), uint32(d.siz), uint32(d.siz))
/home/cowboy/project/go/src/github.com/qqcowboy/dunhuaparts.com/System/Web/HttpHandler.go:113 (0x46c86f)
	(*HttpHandler).ServeHTTP: panic(err)
/usr/local/go/src/net/http/server.go:1703 (0x4ee69a)
	serverHandler.ServeHTTP: handler.ServeHTTP(rw, req)
/usr/local/go/src/net/http/server.go:1204 (0x4ec167)
	(*conn).serve: serverHandler{c.server}.ServeHTTP(w, w.req)
/usr/local/go/src/runtime/asm_amd64.s:2232 (0x427db1)
	goexit: 

2016-04-17 20:57:12	URL:/admin/product/index	View不存在
/home/cowboy/project/go/src/github.com/qqcowboy/dunhuaparts.com/System/Log/Logger.go:158 (0x528b44)
	(*Logger).AddErrMsg: content = content + "\r\n" + string(debug.Stack())
/home/cowboy/project/go/src/github.com/qqcowboy/dunhuaparts.com/System/Web/HttpHandler.go:25 (0x470a7b)
	func.004: App.Log.AddErrMsg("URL:" + r.URL.String() + "\t" + fmt.Sprintf("%v", err))
/usr/local/go/src/runtime/asm_amd64.s:401 (0x425c95)
	call16: CALLFN(·call16, 16)
/usr/local/go/src/runtime/panic.go:387 (0x413008)
	gopanic: reflectcall(unsafe.Pointer(d.fn), deferArgs(d), uint32(d.siz), uint32(d.siz))
/home/cowboy/project/go/src/github.com/qqcowboy/dunhuaparts.com/System/Web/HttpHandler.go:113 (0x46c86f)
	(*HttpHandler).ServeHTTP: panic(err)
/usr/local/go/src/net/http/server.go:1703 (0x4ee69a)
	serverHandler.ServeHTTP: handler.ServeHTTP(rw, req)
/usr/local/go/src/net/http/server.go:1204 (0x4ec167)
	(*conn).serve: serverHandler{c.server}.ServeHTTP(w, w.req)
/usr/local/go/src/runtime/asm_amd64.s:2232 (0x427db1)
	goexit: 

2016-04-17 20:57:14	URL:/admin/news/index	View不存在
/home/cowboy/project/go/src/github.com/qqcowboy/dunhuaparts.com/System/Log/Logger.go:158 (0x528b44)
	(*Logger).AddErrMsg: content = content + "\r\n" + string(debug.Stack())
/home/cowboy/project/go/src/github.com/qqcowboy/dunhuaparts.com/System/Web/HttpHandler.go:25 (0x470a7b)
	func.004: App.Log.AddErrMsg("URL:" + r.URL.String() + "\t" + fmt.Sprintf("%v", err))
/usr/local/go/src/runtime/asm_amd64.s:401 (0x425c95)
	call16: CALLFN(·call16, 16)
/usr/local/go/src/runtime/panic.go:387 (0x413008)
	gopanic: reflectcall(unsafe.Pointer(d.fn), deferArgs(d), uint32(d.siz), uint32(d.siz))
/home/cowboy/project/go/src/github.com/qqcowboy/dunhuaparts.com/System/Web/HttpHandler.go:113 (0x46c86f)
	(*HttpHandler).ServeHTTP: panic(err)
/usr/local/go/src/net/http/server.go:1703 (0x4ee69a)
	serverHandler.ServeHTTP: handler.ServeHTTP(rw, req)
/usr/local/go/src/net/http/server.go:1204 (0x4ec167)
	(*conn).serve: serverHandler{c.server}.ServeHTTP(w, w.req)
/usr/local/go/src/runtime/asm_amd64.s:2232 (0x427db1)
	goexit: 

2016-04-17 20:57:16	URL:/admin/user/index	View不存在
/home/cowboy/project/go/src/github.com/qqcowboy/dunhuaparts.com/System/Log/Logger.go:158 (0x528b44)
	(*Logger).AddErrMsg: content = content + "\r\n" + string(debug.Stack())
/home/cowboy/project/go/src/github.com/qqcowboy/dunhuaparts.com/System/Web/HttpHandler.go:25 (0x470a7b)
	func.004: App.Log.AddErrMsg("URL:" + r.URL.String() + "\t" + fmt.Sprintf("%v", err))
/usr/local/go/src/runtime/asm_amd64.s:401 (0x425c95)
	call16: CALLFN(·call16, 16)
/usr/local/go/src/runtime/panic.go:387 (0x413008)
	gopanic: reflectcall(unsafe.Pointer(d.fn), deferArgs(d), uint32(d.siz), uint32(d.siz))
/home/cowboy/project/go/src/github.com/qqcowboy/dunhuaparts.com/System/Web/HttpHandler.go:113 (0x46c86f)
	(*HttpHandler).ServeHTTP: panic(err)
/usr/local/go/src/net/http/server.go:1703 (0x4ee69a)
	serverHandler.ServeHTTP: handler.ServeHTTP(rw, req)
/usr/local/go/src/net/http/server.go:1204 (0x4ec167)
	(*conn).serve: serverHandler{c.server}.ServeHTTP(w, w.req)
/usr/local/go/src/runtime/asm_amd64.s:2232 (0x427db1)
	goexit: 

2016-04-17 20:57:42	URL:/admin/product/index	View不存在
/home/cowboy/project/go/src/github.com/qqcowboy/dunhuaparts.com/System/Log/Logger.go:158 (0x528b44)
	(*Logger).AddErrMsg: content = content + "\r\n" + string(debug.Stack())
/home/cowboy/project/go/src/github.com/qqcowboy/dunhuaparts.com/System/Web/HttpHandler.go:25 (0x470a7b)
	func.004: App.Log.AddErrMsg("URL:" + r.URL.String() + "\t" + fmt.Sprintf("%v", err))
/usr/local/go/src/runtime/asm_amd64.s:401 (0x425c95)
	call16: CALLFN(·call16, 16)
/usr/local/go/src/runtime/panic.go:387 (0x413008)
	gopanic: reflectcall(unsafe.Pointer(d.fn), deferArgs(d), uint32(d.siz), uint32(d.siz))
/home/cowboy/project/go/src/github.com/qqcowboy/dunhuaparts.com/System/Web/HttpHandler.go:113 (0x46c86f)
	(*HttpHandler).ServeHTTP: panic(err)
/usr/local/go/src/net/http/server.go:1703 (0x4ee69a)
	serverHandler.ServeHTTP: handler.ServeHTTP(rw, req)
/usr/local/go/src/net/http/server.go:1204 (0x4ec167)
	(*conn).serve: serverHandler{c.server}.ServeHTTP(w, w.req)
/usr/local/go/src/runtime/asm_amd64.s:2232 (0x427db1)
	goexit: 

2016-04-17 20:57:43	URL:/admin/news/index	View不存在
/home/cowboy/project/go/src/github.com/qqcowboy/dunhuaparts.com/System/Log/Logger.go:158 (0x528b44)
	(*Logger).AddErrMsg: content = content + "\r\n" + string(debug.Stack())
/home/cowboy/project/go/src/github.com/qqcowboy/dunhuaparts.com/System/Web/HttpHandler.go:25 (0x470a7b)
	func.004: App.Log.AddErrMsg("URL:" + r.URL.String() + "\t" + fmt.Sprintf("%v", err))
/usr/local/go/src/runtime/asm_amd64.s:401 (0x425c95)
	call16: CALLFN(·call16, 16)
/usr/local/go/src/runtime/panic.go:387 (0x413008)
	gopanic: reflectcall(unsafe.Pointer(d.fn), deferArgs(d), uint32(d.siz), uint32(d.siz))
/home/cowboy/project/go/src/github.com/qqcowboy/dunhuaparts.com/System/Web/HttpHandler.go:113 (0x46c86f)
	(*HttpHandler).ServeHTTP: panic(err)
/usr/local/go/src/net/http/server.go:1703 (0x4ee69a)
	serverHandler.ServeHTTP: handler.ServeHTTP(rw, req)
/usr/local/go/src/net/http/server.go:1204 (0x4ec167)
	(*conn).serve: serverHandler{c.server}.ServeHTTP(w, w.req)
/usr/local/go/src/runtime/asm_amd64.s:2232 (0x427db1)
	goexit: 

2016-04-17 20:57:59	URL:/admin/product/index	View不存在
/home/cowboy/project/go/src/github.com/qqcowboy/dunhuaparts.com/System/Log/Logger.go:158 (0x528b44)
	(*Logger).AddErrMsg: content = content + "\r\n" + string(debug.Stack())
/home/cowboy/project/go/src/github.com/qqcowboy/dunhuaparts.com/System/Web/HttpHandler.go:25 (0x470a7b)
	func.004: App.Log.AddErrMsg("URL:" + r.URL.String() + "\t" + fmt.Sprintf("%v", err))
/usr/local/go/src/runtime/asm_amd64.s:401 (0x425c95)
	call16: CALLFN(·call16, 16)
/usr/local/go/src/runtime/panic.go:387 (0x413008)
	gopanic: reflectcall(unsafe.Pointer(d.fn), deferArgs(d), uint32(d.siz), uint32(d.siz))
/home/cowboy/project/go/src/github.com/qqcowboy/dunhuaparts.com/System/Web/HttpHandler.go:113 (0x46c86f)
	(*HttpHandler).ServeHTTP: panic(err)
/usr/local/go/src/net/http/server.go:1703 (0x4ee69a)
	serverHandler.ServeHTTP: handler.ServeHTTP(rw, req)
/usr/local/go/src/net/http/server.go:1204 (0x4ec167)
	(*conn).serve: serverHandler{c.server}.ServeHTTP(w, w.req)
/usr/local/go/src/runtime/asm_amd64.s:2232 (0x427db1)
	goexit: 

2016-04-17 20:59:51	URL:/admin/news/index	View不存在
/home/cowboy/project/go/src/github.com/qqcowboy/dunhuaparts.com/System/Log/Logger.go:158 (0x528b44)
	(*Logger).AddErrMsg: content = content + "\r\n" + string(debug.Stack())
/home/cowboy/project/go/src/github.com/qqcowboy/dunhuaparts.com/System/Web/HttpHandler.go:25 (0x470a7b)
	func.004: App.Log.AddErrMsg("URL:" + r.URL.String() + "\t" + fmt.Sprintf("%v", err))
/usr/local/go/src/runtime/asm_amd64.s:401 (0x425c95)
	call16: CALLFN(·call16, 16)
/usr/local/go/src/runtime/panic.go:387 (0x413008)
	gopanic: reflectcall(unsafe.Pointer(d.fn), deferArgs(d), uint32(d.siz), uint32(d.siz))
/home/cowboy/project/go/src/github.com/qqcowboy/dunhuaparts.com/System/Web/HttpHandler.go:113 (0x46c86f)
	(*HttpHandler).ServeHTTP: panic(err)
/usr/local/go/src/net/http/server.go:1703 (0x4ee69a)
	serverHandler.ServeHTTP: handler.ServeHTTP(rw, req)
/usr/local/go/src/net/http/server.go:1204 (0x4ec167)
	(*conn).serve: serverHandler{c.server}.ServeHTTP(w, w.req)
/usr/local/go/src/runtime/asm_amd64.s:2232 (0x427db1)
	goexit: 

2016-04-17 21:00:07	URL:/admin/user/index	View不存在
/home/cowboy/project/go/src/github.com/qqcowboy/dunhuaparts.com/System/Log/Logger.go:158 (0x528b44)
	(*Logger).AddErrMsg: content = content + "\r\n" + string(debug.Stack())
/home/cowboy/project/go/src/github.com/qqcowboy/dunhuaparts.com/System/Web/HttpHandler.go:25 (0x470a7b)
	func.004: App.Log.AddErrMsg("URL:" + r.URL.String() + "\t" + fmt.Sprintf("%v", err))
/usr/local/go/src/runtime/asm_amd64.s:401 (0x425c95)
	call16: CALLFN(·call16, 16)
/usr/local/go/src/runtime/panic.go:387 (0x413008)
	gopanic: reflectcall(unsafe.Pointer(d.fn), deferArgs(d), uint32(d.siz), uint32(d.siz))
/home/cowboy/project/go/src/github.com/qqcowboy/dunhuaparts.com/System/Web/HttpHandler.go:113 (0x46c86f)
	(*HttpHandler).ServeHTTP: panic(err)
/usr/local/go/src/net/http/server.go:1703 (0x4ee69a)
	serverHandler.ServeHTTP: handler.ServeHTTP(rw, req)
/usr/local/go/src/net/http/server.go:1204 (0x4ec167)
	(*conn).serve: serverHandler{c.server}.ServeHTTP(w, w.req)
/usr/local/go/src/runtime/asm_amd64.s:2232 (0x427db1)
	goexit: 

