2016-04-23 11:38:11	URL:/img/products?id=571aecbae1382335c0fee40b	View不存在
/home/cowboy/project/go/src/github.com/qqcowboy/dunhuaparts.com/System/Log/Logger.go:158 (0x52aea4)
	(*Logger).AddErrMsg: content = content + "\r\n" + string(debug.Stack())
/home/cowboy/project/go/src/github.com/qqcowboy/dunhuaparts.com/System/Web/HttpHandler.go:25 (0x47282b)
	func.004: App.Log.AddErrMsg("URL:" + r.URL.String() + "\t" + fmt.Sprintf("%v", err))
/usr/local/go/src/runtime/asm_amd64.s:401 (0x425c95)
	call16: CALLFN(·call16, 16)
/usr/local/go/src/runtime/panic.go:387 (0x413008)
	gopanic: reflectcall(unsafe.Pointer(d.fn), deferArgs(d), uint32(d.siz), uint32(d.siz))
/home/cowboy/project/go/src/github.com/qqcowboy/dunhuaparts.com/System/Web/HttpHandler.go:113 (0x46e61f)
	(*HttpHandler).ServeHTTP: panic(err)
/usr/local/go/src/net/http/server.go:1703 (0x4f09fa)
	serverHandler.ServeHTTP: handler.ServeHTTP(rw, req)
/usr/local/go/src/net/http/server.go:1204 (0x4ee4c7)
	(*conn).serve: serverHandler{c.server}.ServeHTTP(w, w.req)
/usr/local/go/src/runtime/asm_amd64.s:2232 (0x427db1)
	goexit: 

2016-04-23 17:06:20	URL:/products/querycategories	View不存在
/home/cowboy/project/go/src/github.com/qqcowboy/dunhuaparts.com/System/Log/Logger.go:158 (0x52aea4)
	(*Logger).AddErrMsg: content = content + "\r\n" + string(debug.Stack())
/home/cowboy/project/go/src/github.com/qqcowboy/dunhuaparts.com/System/Web/HttpHandler.go:25 (0x47282b)
	func.004: App.Log.AddErrMsg("URL:" + r.URL.String() + "\t" + fmt.Sprintf("%v", err))
/usr/local/go/src/runtime/asm_amd64.s:401 (0x425c95)
	call16: CALLFN(·call16, 16)
/usr/local/go/src/runtime/panic.go:387 (0x413008)
	gopanic: reflectcall(unsafe.Pointer(d.fn), deferArgs(d), uint32(d.siz), uint32(d.siz))
/home/cowboy/project/go/src/github.com/qqcowboy/dunhuaparts.com/System/Web/HttpHandler.go:113 (0x46e61f)
	(*HttpHandler).ServeHTTP: panic(err)
/usr/local/go/src/net/http/server.go:1703 (0x4f09fa)
	serverHandler.ServeHTTP: handler.ServeHTTP(rw, req)
/usr/local/go/src/net/http/server.go:1204 (0x4ee4c7)
	(*conn).serve: serverHandler{c.server}.ServeHTTP(w, w.req)
/usr/local/go/src/runtime/asm_amd64.s:2232 (0x427db1)
	goexit: 

