2016-04-09 19:14:56	URL:/products/createproducts	View不存在
/home/cowboy/project/go/src/github.com/qqcowboy/dunhuaparts.com/System/Log/Logger.go:158 (0x4d6624)
	(*Logger).AddErrMsg: content = content + "\r\n" + string(debug.Stack())
/home/cowboy/project/go/src/github.com/qqcowboy/dunhuaparts.com/System/Web/HttpHandler.go:24 (0x46545b)
	func.004: App.Log.AddErrMsg("URL:" + r.URL.String() + "\t" + fmt.Sprintf("%v", err))
/usr/local/go/src/runtime/asm_amd64.s:401 (0x425c95)
	call16: CALLFN(·call16, 16)
/usr/local/go/src/runtime/panic.go:387 (0x413008)
	gopanic: reflectcall(unsafe.Pointer(d.fn), deferArgs(d), uint32(d.siz), uint32(d.siz))
/home/cowboy/project/go/src/github.com/qqcowboy/dunhuaparts.com/System/Web/HttpHandler.go:112 (0x461758)
	(*HttpHandler).ServeHTTP: panic(err)
/usr/local/go/src/net/http/server.go:1703 (0x4f1f3a)
	serverHandler.ServeHTTP: handler.ServeHTTP(rw, req)
/usr/local/go/src/net/http/server.go:1204 (0x4efa07)
	(*conn).serve: serverHandler{c.server}.ServeHTTP(w, w.req)
/usr/local/go/src/runtime/asm_amd64.s:2232 (0x427db1)
	goexit: 

2016-04-09 19:14:56	HttpHandler.Show505,页面展示时出错:View不存在
2016-04-09 19:15:06	URL:/products/createProducts	View不存在
/home/cowboy/project/go/src/github.com/qqcowboy/dunhuaparts.com/System/Log/Logger.go:158 (0x4d6624)
	(*Logger).AddErrMsg: content = content + "\r\n" + string(debug.Stack())
/home/cowboy/project/go/src/github.com/qqcowboy/dunhuaparts.com/System/Web/HttpHandler.go:24 (0x46545b)
	func.004: App.Log.AddErrMsg("URL:" + r.URL.String() + "\t" + fmt.Sprintf("%v", err))
/usr/local/go/src/runtime/asm_amd64.s:401 (0x425c95)
	call16: CALLFN(·call16, 16)
/usr/local/go/src/runtime/panic.go:387 (0x413008)
	gopanic: reflectcall(unsafe.Pointer(d.fn), deferArgs(d), uint32(d.siz), uint32(d.siz))
/home/cowboy/project/go/src/github.com/qqcowboy/dunhuaparts.com/System/Web/HttpHandler.go:112 (0x461758)
	(*HttpHandler).ServeHTTP: panic(err)
/usr/local/go/src/net/http/server.go:1703 (0x4f1f3a)
	serverHandler.ServeHTTP: handler.ServeHTTP(rw, req)
/usr/local/go/src/net/http/server.go:1204 (0x4efa07)
	(*conn).serve: serverHandler{c.server}.ServeHTTP(w, w.req)
/usr/local/go/src/runtime/asm_amd64.s:2232 (0x427db1)
	goexit: 

2016-04-09 19:15:06	HttpHandler.Show505,页面展示时出错:View不存在
2016-04-09 19:15:09	URL:/products/CreateProducts	View不存在
/home/cowboy/project/go/src/github.com/qqcowboy/dunhuaparts.com/System/Log/Logger.go:158 (0x4d6624)
	(*Logger).AddErrMsg: content = content + "\r\n" + string(debug.Stack())
/home/cowboy/project/go/src/github.com/qqcowboy/dunhuaparts.com/System/Web/HttpHandler.go:24 (0x46545b)
	func.004: App.Log.AddErrMsg("URL:" + r.URL.String() + "\t" + fmt.Sprintf("%v", err))
/usr/local/go/src/runtime/asm_amd64.s:401 (0x425c95)
	call16: CALLFN(·call16, 16)
/usr/local/go/src/runtime/panic.go:387 (0x413008)
	gopanic: reflectcall(unsafe.Pointer(d.fn), deferArgs(d), uint32(d.siz), uint32(d.siz))
/home/cowboy/project/go/src/github.com/qqcowboy/dunhuaparts.com/System/Web/HttpHandler.go:112 (0x461758)
	(*HttpHandler).ServeHTTP: panic(err)
/usr/local/go/src/net/http/server.go:1703 (0x4f1f3a)
	serverHandler.ServeHTTP: handler.ServeHTTP(rw, req)
/usr/local/go/src/net/http/server.go:1204 (0x4efa07)
	(*conn).serve: serverHandler{c.server}.ServeHTTP(w, w.req)
/usr/local/go/src/runtime/asm_amd64.s:2232 (0x427db1)
	goexit: 

2016-04-09 19:15:09	HttpHandler.Show505,页面展示时出错:View不存在
2016-04-09 19:15:31	URL:/products/CreateProducts	View不存在
/home/cowboy/project/go/src/github.com/qqcowboy/dunhuaparts.com/System/Log/Logger.go:158 (0x4d6624)
	(*Logger).AddErrMsg: content = content + "\r\n" + string(debug.Stack())
/home/cowboy/project/go/src/github.com/qqcowboy/dunhuaparts.com/System/Web/HttpHandler.go:24 (0x46545b)
	func.004: App.Log.AddErrMsg("URL:" + r.URL.String() + "\t" + fmt.Sprintf("%v", err))
/usr/local/go/src/runtime/asm_amd64.s:401 (0x425c95)
	call16: CALLFN(·call16, 16)
/usr/local/go/src/runtime/panic.go:387 (0x413008)
	gopanic: reflectcall(unsafe.Pointer(d.fn), deferArgs(d), uint32(d.siz), uint32(d.siz))
/home/cowboy/project/go/src/github.com/qqcowboy/dunhuaparts.com/System/Web/HttpHandler.go:112 (0x461758)
	(*HttpHandler).ServeHTTP: panic(err)
/usr/local/go/src/net/http/server.go:1703 (0x4f1f3a)
	serverHandler.ServeHTTP: handler.ServeHTTP(rw, req)
/usr/local/go/src/net/http/server.go:1204 (0x4efa07)
	(*conn).serve: serverHandler{c.server}.ServeHTTP(w, w.req)
/usr/local/go/src/runtime/asm_amd64.s:2232 (0x427db1)
	goexit: 

2016-04-09 19:15:31	HttpHandler.Show505,页面展示时出错:View不存在
2016-04-09 19:15:49	URL:/products/createproducts	View不存在
/home/cowboy/project/go/src/github.com/qqcowboy/dunhuaparts.com/System/Log/Logger.go:158 (0x4d6624)
	(*Logger).AddErrMsg: content = content + "\r\n" + string(debug.Stack())
/home/cowboy/project/go/src/github.com/qqcowboy/dunhuaparts.com/System/Web/HttpHandler.go:24 (0x46545b)
	func.004: App.Log.AddErrMsg("URL:" + r.URL.String() + "\t" + fmt.Sprintf("%v", err))
/usr/local/go/src/runtime/asm_amd64.s:401 (0x425c95)
	call16: CALLFN(·call16, 16)
/usr/local/go/src/runtime/panic.go:387 (0x413008)
	gopanic: reflectcall(unsafe.Pointer(d.fn), deferArgs(d), uint32(d.siz), uint32(d.siz))
/home/cowboy/project/go/src/github.com/qqcowboy/dunhuaparts.com/System/Web/HttpHandler.go:112 (0x461758)
	(*HttpHandler).ServeHTTP: panic(err)
/usr/local/go/src/net/http/server.go:1703 (0x4f1f3a)
	serverHandler.ServeHTTP: handler.ServeHTTP(rw, req)
/usr/local/go/src/net/http/server.go:1204 (0x4efa07)
	(*conn).serve: serverHandler{c.server}.ServeHTTP(w, w.req)
/usr/local/go/src/runtime/asm_amd64.s:2232 (0x427db1)
	goexit: 

2016-04-09 19:15:49	HttpHandler.Show505,页面展示时出错:View不存在
2016-04-09 23:01:22	URL:/products/create	<nil>
/home/cowboy/project/go/src/github.com/qqcowboy/dunhuaparts.com/System/Log/Logger.go:158 (0x4d95e4)
	(*Logger).AddErrMsg: content = content + "\r\n" + string(debug.Stack())
/home/cowboy/project/go/src/github.com/qqcowboy/dunhuaparts.com/System/Web/HttpHandler.go:25 (0x466fab)
	func.004: App.Log.AddErrMsg("URL:" + r.URL.String() + "\t" + fmt.Sprintf("%v", err))
/usr/local/go/src/runtime/asm_amd64.s:401 (0x425c95)
	call16: CALLFN(·call16, 16)
/usr/local/go/src/runtime/panic.go:387 (0x413008)
	gopanic: reflectcall(unsafe.Pointer(d.fn), deferArgs(d), uint32(d.siz), uint32(d.siz))
/home/cowboy/project/go/src/gopkg.in/mgo.v2/bson/bson.go:444 (0x5bd68b)
	handleErr: panic(r)
/usr/local/go/src/runtime/asm_amd64.s:401 (0x425c95)
	call16: CALLFN(·call16, 16)
/usr/local/go/src/runtime/panic.go:387 (0x413008)
	gopanic: reflectcall(unsafe.Pointer(d.fn), deferArgs(d), uint32(d.siz), uint32(d.siz))
/home/cowboy/project/go/src/gopkg.in/mgo.v2/bson/bson.go:657 (0x5c0329)
	getStructInfo: panic(externalPanic(msg))
/home/cowboy/project/go/src/gopkg.in/mgo.v2/bson/decode.go:197 (0x5c24bc)
	(*decoder).readDocTo: sinfo, err := getStructInfo(out.Type())
/home/cowboy/project/go/src/gopkg.in/mgo.v2/bson/bson.go:546 (0x5bdcea)
	Unmarshal: d.readDocTo(v)
/home/cowboy/project/go/src/gopkg.in/mgo.v2/session.go:3060 (0x59867a)
	(*Query).One: err = bson.Unmarshal(data, result)
/home/cowboy/project/go/src/github.com/qqcowboy/dunhuaparts.com/Model/Products.go:67 (0x4be32e)
	(*Products).CreateProducts: err = qs.One(&product)
/home/cowboy/project/go/src/github.com/qqcowboy/dunhuaparts.com/Controllers/Products.go:69 (0x45866c)
	(*Products).Create: product, err := Model.MProducts.CreateProducts(title, indexid, remark, images, exttype)
/usr/local/go/src/runtime/asm_amd64.s:401 (0x425c95)
	call16: CALLFN(·call16, 16)
/usr/local/go/src/reflect/value.go:419 (0x48ba15)
	Value.call: call(fn, args, uint32(frametype.size), uint32(retOffset))
/usr/local/go/src/reflect/value.go:296 (0x48a80c)
	Value.Call: return v.call("Call", in)
/home/cowboy/project/go/src/github.com/qqcowboy/dunhuaparts.com/System/Web/HttpHandler.go:100 (0x4632d8)
	(*HttpHandler).ServeHTTP: result := method.Call(param)
/usr/local/go/src/net/http/server.go:1703 (0x4f4efa)
	serverHandler.ServeHTTP: handler.ServeHTTP(rw, req)
/usr/local/go/src/net/http/server.go:1204 (0x4f29c7)
	(*conn).serve: serverHandler{c.server}.ServeHTTP(w, w.req)
/usr/local/go/src/runtime/asm_amd64.s:2232 (0x427db1)
	goexit: 

2016-04-09 23:07:34	URL:/products/create	interface conversion: interface is float64, not int
/home/cowboy/project/go/src/github.com/qqcowboy/dunhuaparts.com/System/Log/Logger.go:158 (0x4d9814)
	(*Logger).AddErrMsg: content = content + "\r\n" + string(debug.Stack())
/home/cowboy/project/go/src/github.com/qqcowboy/dunhuaparts.com/System/Web/HttpHandler.go:25 (0x4671db)
	func.004: App.Log.AddErrMsg("URL:" + r.URL.String() + "\t" + fmt.Sprintf("%v", err))
/usr/local/go/src/runtime/asm_amd64.s:401 (0x425c95)
	call16: CALLFN(·call16, 16)
/usr/local/go/src/runtime/panic.go:387 (0x413008)
	gopanic: reflectcall(unsafe.Pointer(d.fn), deferArgs(d), uint32(d.siz), uint32(d.siz))
/usr/local/go/src/runtime/iface.go:225 (0x40bc65)
	assertE2T: panic(&TypeAssertionError{"", *ep._type._string, *t._string, ""})
/home/cowboy/project/go/src/github.com/qqcowboy/dunhuaparts.com/Controllers/Products.go:54 (0x458264)
	(*Products).Create: fmt.Println(tmp.(int))
/usr/local/go/src/runtime/asm_amd64.s:401 (0x425c95)
	call16: CALLFN(·call16, 16)
/usr/local/go/src/reflect/value.go:419 (0x48bc45)
	Value.call: call(fn, args, uint32(frametype.size), uint32(retOffset))
/usr/local/go/src/reflect/value.go:296 (0x48aa3c)
	Value.Call: return v.call("Call", in)
/home/cowboy/project/go/src/github.com/qqcowboy/dunhuaparts.com/System/Web/HttpHandler.go:100 (0x463508)
	(*HttpHandler).ServeHTTP: result := method.Call(param)
/usr/local/go/src/net/http/server.go:1703 (0x4f512a)
	serverHandler.ServeHTTP: handler.ServeHTTP(rw, req)
/usr/local/go/src/net/http/server.go:1204 (0x4f2bf7)
	(*conn).serve: serverHandler{c.server}.ServeHTTP(w, w.req)
/usr/local/go/src/runtime/asm_amd64.s:2232 (0x427db1)
	goexit: 

